C51 COMPILER V9.60.0.0   BOARD_CONFIG                                                      07/03/2026 15:43:47 PAGE 1   


C51 COMPILER V9.60.0.0, COMPILATION OF MODULE BOARD_CONFIG
OBJECT MODULE PLACED IN .\Objects\board_config.obj
COMPILER INVOKED BY: D:\Keil_5\C51\BIN\C51.EXE ..\Source_Code\board_config.c OMF2 OPTIMIZE(8,SPEED) BROWSE INCDIR(..\..\
                    -..\Library\inc) DEBUG PRINT(.\Listings\board_config.lst) TABS(2) OBJECT(.\Objects\board_config.obj)

line level    source

   1          #include "board_config.h"
   2          
   3          #include "adc_sample.h"
   4          #include "gpio.h"
   5          #include "soft_uart_rx.h"
   6          #include "tm1622.h"
   7          #include "uart.h"
   8          
   9          static void Board_ConfigUart0(void)
  10          {
  11   1          PORT_SET_MUX(PIO00CFG, UART0_RXD_MUX_MODE);
  12   1          PORT_SET_MUX(PIO01CFG, UART0_TXD_MUX_MODE);
  13   1      
  14   1          UART0_SCON_MODE_SET(UART_8BIT_ASY_MODE);
  15   1          DISABLE_UART0_SM2;
  16   1          UART_ConfigBaudRate(UART_0, UART_TIMER3, BOARD_UART0_BAUD, DISABLE_DOUBLE_BRT);
  17   1          ENABLE_UART0_REN;
  18   1      }
  19          
  20          static void Board_ConfigBacklight(void)
  21          {
  22   1          PORT_SET_MUX(PIO13CFG, GPIO_MUX_MODE);
  23   1          GPIO1_ConfigOutput(GPIO_PIN_3, GPIO_PP, GPIO_PULLUP, CURRENT_00);
  24   1          Board_BacklightSet(1);
  25   1      }
  26          
  27          void Board_Init(void)
  28          {
  29   1          System_ConfigCLK(SYSCLK_HRC, CLK_DIV_2, WAITS_INST_VDD_LT3600MV_CLK_GE15_LT20M);
  30   1      
  31   1          Board_ConfigUart0();
  32   1          Board_ConfigBacklight();
  33   1          init_tm1622();
  34   1          AdcSample_Init();
  35   1          SoftUartRx_Init(BOARD_SOFT_UART_BAUD);
  36   1      }
  37          
  38          void Board_BacklightSet(uint8_t on)
  39          {
  40   1          P13 = (on != 0) ? 1 : 0;
  41   1      }


MODULE INFORMATION:   STATIC OVERLAYABLE
   CODE SIZE        =    102    ----
   CONSTANT SIZE    =   ----    ----
   XDATA SIZE       =   ----    ----
   PDATA SIZE       =   ----    ----
   DATA SIZE        =   ----    ----
   IDATA SIZE       =   ----    ----
   BIT SIZE         =   ----    ----
   EDATA SIZE       =   ----    ----
   HDATA SIZE       =   ----    ----
   XDATA CONST SIZE =   ----    ----
C51 COMPILER V9.60.0.0   BOARD_CONFIG                                                      07/03/2026 15:43:47 PAGE 2   

   FAR CONST SIZE   =   ----    ----
END OF MODULE INFORMATION.


C51 COMPILATION COMPLETE.  0 WARNING(S),  0 ERROR(S)
