C51 COMPILER V9.60.0.0   COMMON                                                            07/03/2026 14:30:28 PAGE 1   


C51 COMPILER V9.60.0.0, COMPILATION OF MODULE COMMON
OBJECT MODULE PLACED IN .\Objects\common.obj
COMPILER INVOKED BY: D:\Keil_5\C51\BIN\C51.EXE ..\..\..\Common\common.c OMF2 OPTIMIZE(8,SPEED) BROWSE INCDIR(..\..\..\Li
                    -brary\inc) DEBUG PRINT(.\Listings\common.lst) TABS(2) OBJECT(.\Objects\common.obj)

line level    source

   1          /**
   2           * @file      common.c
   3           * @brief     Common utility functions
   4           * @author    Software Team
   5           * @date      2025-04
   6           * @version   V1.0.0
   7           * @copyright WAYON
   8           */
   9          
  10          #include "common.h"
  11          #include "wdt.h"
  12          
  13          uint32_t g_u32SystemClock = HRC_VALUE; /*!< Global variable for system clock */
  14          
  15          /**
  16           * Configure system clock
  17           * @param[in] u8clkSel Clock source selection
  18           * -# SYSCLK_HRC
  19           * -# SYSCLK_LRC
  20           * -# SYSCLK_OSC
  21           * @param[in] u8divSel Clock division coefficient
  22           * -# CLK_DIV_NOT
  23           * -# CLK_DIV_2
  24           * -# CLK_DIV_4
  25           * -# CLK_DIV_8
  26           * -# CLK_DIV_16
  27           * -# CLK_DIV_32
  28           * -# CLK_DIV_64
  29           * -# CLK_DIV_128
  30           * @param[in] u8waits Flash access wait cycles
  31           * -# VDD >= 3.6V
  32           * -# WAITS_INST_VDD_GE3600MV_CLK_LT10M         Configuration for main frequency < 10MHz
  33           * -# WAITS_INST_VDD_GE3600MV_CLK_GE10_LT20M    Configuration for main frequency >= 10 and < 20MHz 
  34           * -# WAITS_INST_VDD_GE3600MV_CLK_GE20_LT30M    Configuration for main frequency >= 20 and < 30MHz 
  35           * -# WAITS_INST_VDD_GE3600MV_CLK_GE30_LT32M    Configuration for main frequency >= 30 and =< 32MHz 
  36           * -# VDD < 3.6V
  37           * -# WAITS_INST_VDD_LT3600MV_CLK_LT5M          Configuration for main frequency < 5MHz 
  38           * -# WAITS_INST_VDD_LT3600MV_CLK_GE5_LT10M     Configuration for main frequency >= 5 and < 10MHz 
  39           * -# WAITS_INST_VDD_LT3600MV_CLK_GE10_LT15M    Configuration for main frequency >= 10 and < 15MHz 
  40           * -# WAITS_INST_VDD_LT3600MV_CLK_GE15_LT20M    Configuration for main frequency >= 15 and < 20MHz
  41           * -# WAITS_INST_VDD_LT3600MV_CLK_GE20_LT25M    Configuration for main frequency >= 20 and < 25MHz  
  42           * -# WAITS_INST_VDD_LT3600MV_CLK_GE25_LT30M    Configuration for main frequency >= 25 and < 30MHz 
  43           * -# WAITS_INST_VDD_LT3600MV_CLK_GE30_LT32M    Configuration for main frequency >= 30 and =< 32MHz  
  44           *
  45           * @note When u8divSel = 0, CLK_sys is the clock source frequency
  46           * @note When u8divSel != 0, CLK_sys = clock source frequency / (2 * u8divSel)
  47           * @note If CLKSEL_OSC mode is selected, you need to change the external clock frequency in OSC_VALUE
  48           * @note If switching from a high frequency to a lower one, configure CLKCON before WAITSTS; if from low t
             -o high,
  49           * configure WAITSTS before CLKCON
  50           */
  51          void System_ConfigCLK(sysclk_t u8clkSel, uint8_t u8divSel, uint8_t u8waits)
  52          {
  53   1      
C51 COMPILER V9.60.0.0   COMMON                                                            07/03/2026 14:30:28 PAGE 2   

  54   1          if(u8waits > GET_SYS_CLK_WAITS)
  55   1          {
  56   2              SYS_CLK_WAITS(u8waits);
  57   2          }
  58   1      
  59   1          switch(u8clkSel)
  60   1          {
  61   2              case SYSCLK_HRC:
  62   2                  SYS_CLK_SEL(CLKSEL_HRC);
  63   2                  DISABLE_HSE_CLK;
  64   2                  g_u32SystemClock = HRC_VALUE;
  65   2                  break;
  66   2              case SYSCLK_LRC:
  67   2                  SYS_CLK_SEL(CLKSEL_LRC);
  68   2                  g_u32SystemClock = LRC_VALUE;
  69   2                  break;
  70   2              case SYSCLK_OSC:
  71   2                  ENABLE_HSE_CLK;
  72   2                  SYS_CLK_SEL(CLKSEL_OSC);
  73   2                  g_u32SystemClock = OSC_VALUE;
  74   2                  break;
  75   2          }
  76   1      
  77   1          SYS_CLK_DIV(u8divSel); /* Configure the division coefficient */
  78   1      
  79   1          if(u8waits < GET_SYS_CLK_WAITS)
  80   1          {
  81   2              SYS_CLK_WAITS(u8waits);
  82   2          }
  83   1      
  84   1          g_u32SystemClock >>= u8divSel; /* Update g_u32SystemClock */
  85   1      }
  86          
  87          /**
  88          * Enter standby
  89          * @return 0:Fail to enter 1:Success to enter
  90          * @note Enter standby mode when PCON.SYSD is 1.
  91          */
  92          uint8_t System_EnterStandby(void)
  93          {
  94   1          if(0x00 == IS_SYSD_FLAG)
  95   1          {
  96   2              return 0;
  97   2          }
  98   1          _nop_();
  99   1          PCON |= BIT4;
 100   1          _nop_();
 101   1          _nop_();
 102   1          _nop_();
 103   1          return 1;
 104   1      }
 105          
 106          /**
 107           * Enter sleep mode
 108           * @return 0: Failure, 1: Success
 109           * @note Sleep mode can only be entered when PCON.SYSD is set to 1
 110           */
 111          uint8_t System_EnterSleep(void)
 112          {
 113   1          WAITING_WDT_WDTCLR();
 114   1          if(0x00 == IS_SYSD_FLAG)
 115   1          {
C51 COMPILER V9.60.0.0   COMMON                                                            07/03/2026 14:30:28 PAGE 3   

 116   2              return 0;
 117   2          }
 118   1          _nop_();
 119   1          PCON |= BIT1;
 120   1          _nop_();
 121   1          _nop_();
 122   1          _nop_();
 123   1          return 1;
 124   1      }
 125          
 126          /**
 127           * Enter idle mode
 128           */
 129          void System_EnterIdle(void)
 130          {
 131   1          _nop_();
 132   1          PCON |= BIT0;
 133   1          _nop_();
 134   1      }
 135          
 136          /**
 137           * Software reset
 138           */
 139          uint8_t System_SoftReset(void)
 140          {
 141   1          if(0x00 == IS_SYSD_FLAG)
 142   1          {
 143   2              return 0;
 144   2          }
 145   1          SYSRST |= BIT1;
 146   1      
 147   1          return 1;
 148   1      }
 149          
 150          /**
 151           * Fine-Tuning of HRC
 152           * @param[in] dir:
 153           * -# DIR_FREQ_UP: Fine-Tuning HRC frequency up
 154           * -# DIR_FREQ_DOWM: Fine-Tuning HRC frequency dowm
 155           * @param[in] step: Fine-Tuning step size
 156           * @not step range:0-1023
 157           * @return 0: Failure, 1: Success
 158           */
 159          uint8_t HRC_FineTuning(uint8_t dir, uint16_t step)
 160          {
 161   1        uint16_t fine_tune =  HRCFTUNE16 & 0x03FF;
 162   1        
 163   1        if(dir == DIR_FREQ_UP){ 
 164   2          fine_tune += step; 
 165   2          if(fine_tune > 0x03FF){
 166   3            return 0;
 167   3          }else{
 168   3            HRCFTUNE16 = (HRCFTUNE16 & 0xFC00) | fine_tune;
 169   3          }
 170   2        }else{ 
 171   2          if(fine_tune < step){
 172   3            return 0;
 173   3          }else{
 174   3            fine_tune -= step; 
 175   3            HRCFTUNE16 = (HRCFTUNE16 & 0xFC00) | fine_tune;
 176   3          }
 177   2        }
C51 COMPILER V9.60.0.0   COMMON                                                            07/03/2026 14:30:28 PAGE 4   

 178   1        return 1;
 179   1      }
 180          


MODULE INFORMATION:   STATIC OVERLAYABLE
   CODE SIZE        =    316    ----
   CONSTANT SIZE    =   ----    ----
   XDATA SIZE       =   ----    ----
   PDATA SIZE       =   ----    ----
   DATA SIZE        =      4    ----
   IDATA SIZE       =   ----    ----
   BIT SIZE         =   ----    ----
   EDATA SIZE       =   ----    ----
   HDATA SIZE       =   ----    ----
   XDATA CONST SIZE =   ----    ----
   FAR CONST SIZE   =   ----    ----
END OF MODULE INFORMATION.


C51 COMPILATION COMPLETE.  0 WARNING(S),  0 ERROR(S)
