C51 COMPILER V9.60.0.0   TM1622                                                            07/06/2026 18:11:26 PAGE 1   


C51 COMPILER V9.60.0.0, COMPILATION OF MODULE TM1622
OBJECT MODULE PLACED IN .\Objects\tm1622.obj
COMPILER INVOKED BY: D:\Keil_5\C51\BIN\C51.EXE ..\Source_Code\tm1622.c OMF2 OPTIMIZE(8,SPEED) BROWSE INCDIR(..\..\..\Lib
                    -rary\inc) DEBUG PRINT(.\Listings\tm1622.lst) TABS(2) OBJECT(.\Objects\tm1622.obj)

line level    source

   1          #define TM1622_IMPLEMENTATION
   2          #include "tm1622.h"
   3          /* ============================================================
   4           *  字模表（与本屏段位图绑定，同款屏直接沿用）
   5           * ============================================================ */
   6          /* 测试用全屏填充数据 */
   7          unsigned char code date0[]={0x0B,0x00,0x07,0x05,0x0C,0x0D,0x0F,0x00,0x0F,0x0D,0x0B,0x00,0x07,0x05,0x0C,0x0
             -D,0x0F,0x00,0x0F,0x0D,0x0B,0x00,0x07,0x05,0x0C,0x0D,};
   8          unsigned char code date1[]={0x0E,0x06,0x0C,0x0e,0x06,0x0A,0x0A,0x0E,0x0E,0x0E,0x0E,0x06,0x0C,0x0e,0x06,0x0
             -A,0x0A,0x0E,0x0E,0x0E,0x0E,0x06,0x0C,0x0e,0x06,0x0A,};
   9          
  10          /* 电流数字字模（每数字2字节，0~9） */
  11          unsigned char code cur_dbuf[] = {0xe,0x0e,0x08,0x04,0x6,0xd,0xa,0xd,0x8,0x7,0xa,0xb,0xe,0xb,0x08,0x0c,0xe,
             -0x0f,0xa,0xf};
  12          
  13          /* 电压/功率数字字模（每数字2字节，0~9） */
  14          unsigned char code vol_dbuf[] = {0x07,0x07,02,01,0xb,0x6,0xb,0x5,0xe,0x1,0xd,0x5,0xd,0x7,3,1,0xf,0x7,0xf,0
             -5};
  15          /* ============================================================
  16           *  显存映射表（路号→显存逻辑地址，与本屏走线绑定）
  17           *  每路2个地址：[i*2]=十位, [i*2+1]=个位
  18           * ============================================================ */
  19          unsigned char code cur_chenlbuf[10]  = {12,13,14,15,16,17,18,19,20,21};
  20          unsigned char code vol_chenlbuf[10]  = {22,23,24,25,26,27,28,29,30,31};
  21          unsigned char code powr_chenlbuf[10] = {11,10,8,7,6,5,3,2,1,0};
  22          /* 功率符号标志（×10/单位W/小数点） */
  23          data struct {
  24              unsigned char bc[5];
  25              unsigned char wpr[5];
  26              unsigned char tpr[5];
  27          } powr_infor;
  28          /* 显存镜像（内部，业务层不可见） */
  29          #define LCD_MAX_BUF  64
  30          static unsigned char xdata disp_buf[LCD_MAX_BUF];
  31          /* ===========================================================
  32           *  通信层
  33           * ============================================================ */
  34          /***************写 100 命令函数***************
  35           * 帧格式: [1][0][0] + 8bit命令(MSB先) + 结束位
  36           * ********************************************/
  37          void write_cmd_100(unsigned char cmd)
  38          {
  39   1        unsigned char i;
  40   1        CS_LOW();
  41   1        WR_LOW();  TM1622_NOP(); DATA_HIGH(); TM1622_NOP(); WR_HIGH(); TM1622_NOP();
  42   1        WR_LOW();  TM1622_NOP(); DATA_LOW();  TM1622_NOP(); WR_HIGH(); TM1622_NOP();
  43   1        WR_LOW();  TM1622_NOP(); DATA_LOW();  TM1622_NOP(); WR_HIGH(); TM1622_NOP();
  44   1        for(i = 0; i < 8; i++)
  45   1        {
  46   2          WR_LOW();
  47   2          DATA_SET(cmd & 0x80);
  48   2          TM1622_NOP();
  49   2          WR_HIGH();
  50   2          cmd <<= 1;
C51 COMPILER V9.60.0.0   TM1622                                                            07/06/2026 18:11:26 PAGE 2   

  51   2        }
  52   1        WR_LOW();  TM1622_NOP(); DATA_LOW(); TM1622_NOP(); WR_HIGH(); TM1622_NOP();
  53   1        WR_LOW();  TM1622_NOP();
  54   1        CS_HIGH();
  55   1      }
  56          /***************写 101 数据函数***************
  57           * 帧格式: [1][0][1] + 6bit地址(MSB先) + 4bit数据(LSB先)
  58           * ********************************************/
  59          void write_101(unsigned char address, unsigned char dat)
  60          {
  61   1        unsigned char i, add;
  62   1        add = address << 2;
  63   1        CS_LOW();
  64   1        WR_LOW();  TM1622_NOP(); DATA_HIGH(); TM1622_NOP(); WR_HIGH(); TM1622_NOP();
  65   1        WR_LOW();  TM1622_NOP(); DATA_LOW();  TM1622_NOP(); WR_HIGH(); TM1622_NOP();
  66   1        WR_LOW();  TM1622_NOP(); DATA_HIGH(); TM1622_NOP(); WR_HIGH(); TM1622_NOP();
  67   1        for(i = 0; i < 6; i++)
  68   1        {
  69   2          WR_LOW();
  70   2          DATA_SET(add & 0x80);
  71   2          TM1622_NOP();
  72   2          WR_HIGH();
  73   2          add <<= 1;
  74   2        }
  75   1        for(i = 0; i < 4; i++)
  76   1        {
  77   2          WR_LOW();
  78   2          DATA_SET(dat & 0x01);
  79   2          WR_HIGH();
  80   2          TM1622_NOP();
  81   2          dat >>= 1;
  82   2        }
  83   1        WR_LOW();
  84   1        DATA_LOW();
  85   1        CS_HIGH();
  86   1      }
  87          /* 整屏刷新到芯片 */
  88          static void display_inputbuf(unsigned char *pty, unsigned int len)
  89          {
  90   1        unsigned int i;
  91   1        for(i = 0; i < len; i++)
  92   1        {
  93   2          write_101(i, *pty);
  94   2          pty++;
  95   2        }
  96   1      }
  97          /***************TM1622 初始化函数**************/
  98          void init_tm1622(void)
  99          {
 100   1        unsigned char i;
 101   1        TM1622_GPIO_INIT();
 102   1        write_cmd_100(0x01);  /* 打开系统振荡器 */
 103   1        write_cmd_100(0x03);  /* 开启 LCD 显示   */
 104   1        write_cmd_100(0x18);  /* 片内 RC 32KHz   */
 105   1        write_cmd_100(0xe3);  /* 正常模式        */
 106   1        for(i = 0; i < 64; i++)   /* 清显存 */
 107   1        {
 108   2          write_101(i, 0);
 109   2        }
 110   1      }
 111          /* ============================================================
 112           *  显示层 - 段码填充逻辑（与本屏布局绑定）
C51 COMPILER V9.60.0.0   TM1622                                                            07/06/2026 18:11:26 PAGE 3   

 113           * ============================================================ */
 114          /* 清屏 */
 115          void TM1622_Clear(void)
 116          {
 117   1        unsigned char i;
 118   1        for(i = 0; i < LCD_MAX_BUF; i++) disp_buf[i] = 0;
 119   1        display_inputbuf(disp_buf, LCD_MAX_BUF);
 120   1      }
 121          /* 更新5路数据并刷新整屏
 122           * ch: 指向5个 TM1622_Channel_t 的数组 */
 123          void TM1622_UpdateAll(TM1622_Channel_t *ch)
 124          {
 125   1        unsigned char i;
 126   1        unsigned char a, b, c;
 127   1        unsigned char qk;
 128   1        unsigned int  pwr;
 129   1        /* ---- 电流填充 ---- */
 130   1        for(i = 0; i < TM1622_CH_COUNT; i++)
 131   1        {
 132   2          if(ch[i].active)
 133   2          {
 134   3            a = ch[i].cur / 100;
 135   3            b = ch[i].cur % 100 / 10;
 136   3            c = ch[i].cur % 10;
 137   3          }
 138   2          else { a = 0; b = 0; c = 0; }
 139   2      
 140   2          if(a == 0 && b == 0 && c == 0)
 141   2          {
 142   3            disp_buf[cur_chenlbuf[i * 2]       * 2]     = cur_dbuf[0] | 0x01;
 143   3            disp_buf[cur_chenlbuf[i * 2]       * 2 + 1] = cur_dbuf[0];
 144   3            disp_buf[cur_chenlbuf[i * 2 + 1]   * 2]     = cur_dbuf[0] | 0x01;
 145   3            disp_buf[cur_chenlbuf[i * 2 + 1]   * 2 + 1] = cur_dbuf[0];
 146   3          }
 147   2          else
 148   2          {
 149   3            disp_buf[cur_chenlbuf[i * 2]       * 2]     = cur_dbuf[b * 2]     | 0x01;
 150   3            disp_buf[cur_chenlbuf[i * 2]       * 2 + 1] = cur_dbuf[b * 2 + 1];
 151   3            disp_buf[cur_chenlbuf[i * 2 + 1]   * 2]     = cur_dbuf[c * 2]     | 0x01;
 152   3            disp_buf[cur_chenlbuf[i * 2 + 1]   * 2 + 1] = cur_dbuf[c * 2 + 1];
 153   3          }
 154   2        }
 155   1        /* ---- 电压填充 ---- */
 156   1        for(i = 0; i < TM1622_CH_COUNT; i++)
 157   1        {
 158   2          a = ch[i].vol / 100;
 159   2          b = ch[i].vol % 100 / 10;
 160   2          c = ch[i].vol % 10;
 161   2          if(a == 0)
 162   2          {
 163   3            disp_buf[vol_chenlbuf[i * 2]       * 2]     = vol_dbuf[b * 2];
 164   3            disp_buf[vol_chenlbuf[i * 2]       * 2 + 1] = vol_dbuf[b * 2 + 1] | 0x08;
 165   3            disp_buf[vol_chenlbuf[i * 2 + 1]   * 2]     = vol_dbuf[c * 2];
 166   3            disp_buf[vol_chenlbuf[i * 2 + 1]   * 2 + 1] = vol_dbuf[c * 2 + 1] | 0x08;
 167   3          }
 168   2          else
 169   2          {
 170   3            disp_buf[vol_chenlbuf[i * 2]       * 2]     = vol_dbuf[a * 2];
 171   3            disp_buf[vol_chenlbuf[i * 2]       * 2 + 1] = vol_dbuf[a * 2 + 1];
 172   3            disp_buf[vol_chenlbuf[i * 2 + 1]   * 2]     = vol_dbuf[b * 2];
 173   3            disp_buf[vol_chenlbuf[i * 2 + 1]   * 2 + 1] = vol_dbuf[b * 2 + 1] | 0x08;
 174   3          }
C51 COMPILER V9.60.0.0   TM1622                                                            07/06/2026 18:11:26 PAGE 4   

 175   2        }
 176   1        /* ---- 功率填充 ---- */
 177   1        for(i = 0; i < TM1622_CH_COUNT; i++)
 178   1        {
 179   2          pwr = ch[i].powr;
 180   2          qk = 0;
 181   2          if(ch[i].active)
 182   2          {
 183   3            if(pwr >= 1000) { qk = 1; pwr = pwr / 10; }
 184   3            a = pwr / 100;
 185   3            b = pwr % 100 / 10;
 186   3            c = pwr % 10;
 187   3          }
 188   2          else { a = 0; b = 0; c = 0; qk = 0; }
 189   2      
 190   2          powr_infor.bc[i]  = 0;
 191   2          powr_infor.wpr[i] = 1;
 192   2          powr_infor.tpr[i] = 0;
 193   2      
 194   2          if(a == 0 && b == 0 && c == 0 && qk == 0)
 195   2          {
 196   3            disp_buf[powr_chenlbuf[i * 2]     * 2]     = vol_dbuf[0];
 197   3            disp_buf[powr_chenlbuf[i * 2]     * 2 + 1] = vol_dbuf[0];
 198   3            disp_buf[powr_chenlbuf[i * 2 + 1] * 2]     = vol_dbuf[0];
 199   3            disp_buf[powr_chenlbuf[i * 2 + 1] * 2 + 1] = vol_dbuf[0];
 200   3            powr_infor.tpr[i] = 1;
 201   3          }
 202   2          else if(a == 0 && qk == 0)
 203   2          {
 204   3            disp_buf[powr_chenlbuf[i * 2]     * 2]     = vol_dbuf[b * 2];
 205   3            disp_buf[powr_chenlbuf[i * 2]     * 2 + 1] = vol_dbuf[b * 2 + 1];
 206   3            disp_buf[powr_chenlbuf[i * 2 + 1] * 2]     = vol_dbuf[c * 2];
 207   3            disp_buf[powr_chenlbuf[i * 2 + 1] * 2 + 1] = vol_dbuf[c * 2 + 1];
 208   3            powr_infor.tpr[i] = 1;
 209   3          }
 210   2          else if(a > 0)
 211   2          {
 212   3            if(qk == 0)
 213   3            {
 214   4              disp_buf[powr_chenlbuf[i * 2]     * 2]     = vol_dbuf[a * 2];
 215   4              disp_buf[powr_chenlbuf[i * 2]     * 2 + 1] = vol_dbuf[a * 2 + 1];
 216   4              disp_buf[powr_chenlbuf[i * 2 + 1] * 2]     = vol_dbuf[b * 2];
 217   4              disp_buf[powr_chenlbuf[i * 2 + 1] * 2 + 1] = vol_dbuf[b * 2 + 1];
 218   4            }
 219   3            else
 220   3            {
 221   4              powr_infor.bc[i] = 1;
 222   4              disp_buf[powr_chenlbuf[i * 2]     * 2]     = vol_dbuf[b * 2];
 223   4              disp_buf[powr_chenlbuf[i * 2]     * 2 + 1] = vol_dbuf[b * 2 + 1];
 224   4              disp_buf[powr_chenlbuf[i * 2 + 1] * 2]     = vol_dbuf[c * 2];
 225   4              disp_buf[powr_chenlbuf[i * 2 + 1] * 2 + 1] = vol_dbuf[c * 2 + 1];
 226   4            }
 227   3          }
 228   2        }
 229   1        /* ---- 符号位拼接（×10/单位W/小数点） ---- */
 230   1        disp_buf[2*9]     = 0;
 231   1        disp_buf[2*9 + 1] = 0;
 232   1        if(powr_infor.wpr[0] == 1) disp_buf[2*9 + 1] |= 0x08;
 233   1        if(powr_infor.bc[1]  == 1) disp_buf[2*9 + 1] |= 0x04;
 234   1        disp_buf[2*4]     = 0;
 235   1        disp_buf[2*4 + 1] = 0;
 236   1        if(powr_infor.wpr[2] == 1) disp_buf[2*4]     |= 0x04;
C51 COMPILER V9.60.0.0   TM1622                                                            07/06/2026 18:11:26 PAGE 5   

 237   1        if(powr_infor.bc[3]  == 1) disp_buf[2*4]     |= 0x02;
 238   1        if(powr_infor.bc[4]  == 1) disp_buf[2*4]     |= 0x01;
 239   1        if(powr_infor.bc[2] == 1) disp_buf[powr_chenlbuf[4] * 2 + 1] |= 0x08;
 240   1        if(powr_infor.bc[0] == 1) disp_buf[powr_chenlbuf[0] * 2 + 1] |= 0x08;
 241   1        if(powr_infor.tpr[0] == 1) disp_buf[powr_chenlbuf[1] * 2 + 1] |= 0x08;
 242   1        if(powr_infor.tpr[1] == 1) disp_buf[powr_chenlbuf[2] * 2 + 1] |= 0x08;
 243   1        if(powr_infor.tpr[2] == 1) disp_buf[powr_chenlbuf[5] * 2 + 1] |= 0x08;
 244   1        if(powr_infor.tpr[3] == 1) disp_buf[powr_chenlbuf[6] * 2 + 1] |= 0x08;
 245   1        if(powr_infor.tpr[4] == 1) disp_buf[powr_chenlbuf[8] * 2 + 1] |= 0x08;
 246   1        if(powr_infor.wpr[1] == 1) disp_buf[powr_chenlbuf[3] * 2 + 1] |= 0x08;
 247   1        if(powr_infor.wpr[3] == 1) disp_buf[powr_chenlbuf[7] * 2 + 1] |= 0x08;
 248   1        if(powr_infor.wpr[4] == 1) disp_buf[powr_chenlbuf[9] * 2 + 1] |= 0x08;
 249   1        /* ---- 刷新到芯片 ---- */
 250   1        display_inputbuf(disp_buf, LCD_MAX_BUF);
 251   1      }


MODULE INFORMATION:   STATIC OVERLAYABLE
   CODE SIZE        =   2597    ----
   CONSTANT SIZE    =    122    ----
   XDATA SIZE       =     64    ----
   PDATA SIZE       =   ----    ----
   DATA SIZE        =     15      14
   IDATA SIZE       =   ----    ----
   BIT SIZE         =   ----    ----
   EDATA SIZE       =   ----    ----
   HDATA SIZE       =   ----    ----
   XDATA CONST SIZE =   ----    ----
   FAR CONST SIZE   =   ----    ----
END OF MODULE INFORMATION.


C51 COMPILATION COMPLETE.  0 WARNING(S),  0 ERROR(S)
