Rebuild target 'Project'
assembling STARTUP_WY8S8002xx.A51...
compiling gpio.c...
compiling adc.c...
compiling pwm.c...
compiling ir.c...
compiling timer.c...
compiling uart.c...
compiling common.c...
compiling delay.c...
compiling main.c...
compiling board_config.c...
compiling adc_sample.c...
compiling soft_uart_rx.c...
compiling app_logic.c...
compiling tm1622.c...
linking...
Program Size: data=54.0 xdata=150 const=126 code=5687
creating hex file from ".\Objects\WY8S8002XX"...
".\Objects\WY8S8002XX" - 0 Error(s), 0 Warning(s).
Build Time Elapsed:  00:00:02
